  Refprop.cpp
C:\Program Files\Microsoft Visual Studio\2022\Community\VC\Tools\MSVC\14.41.34120\include\algorithm(3750,24): warning C4244: '=': conversion from 'int' to 'char', possible loss of data
  (compiling source file '../src/Refprop.cpp')
      C:\Program Files\Microsoft Visual Studio\2022\Community\VC\Tools\MSVC\14.41.34120\include\algorithm(3750,24):
      the template instantiation context (the oldest one first) is
          G:\Working\REFPROP-wrappers\externals\REFPROP-headers\REFPROP_lib.h(625,14):
          see reference to function template instantiation '_OutIt std::transform<std::_String_iterator<std::_String_val<std::_Simple_types<_Elem>>>,std::_String_iterator<std::_String_val<std::_Simple_types<_Elem>>>,int(__cdecl *)(int)>(const _InIt,const _InIt,_OutIt,_Fn)' being compiled
          with
          [
              _OutIt=std::_String_iterator<std::_String_val<std::_Simple_types<char>>>,
              _Elem=char,
              _InIt=std::_String_iterator<std::_String_val<std::_Simple_types<char>>>,
              _Fn=int (__cdecl *)(int)
          ]
  
  RPstrings.cpp
C:\Program Files\Microsoft Visual Studio\2022\Community\VC\Tools\MSVC\14.41.34120\include\algorithm(3750,24): warning C4244: '=': conversion from 'int' to 'char', possible loss of data
  (compiling source file '../src/RPstrings.cpp')
      C:\Program Files\Microsoft Visual Studio\2022\Community\VC\Tools\MSVC\14.41.34120\include\algorithm(3750,24):
      the template instantiation context (the oldest one first) is
          G:\Working\REFPROP-wrappers\wrappers\Mathcad\includes\RPstrings.h(88,14):
          see reference to function template instantiation '_OutIt std::transform<std::_String_iterator<std::_String_val<std::_Simple_types<_Elem>>>,std::_String_iterator<std::_String_val<std::_Simple_types<_Elem>>>,int(__cdecl *)(int)>(const _InIt,const _InIt,_OutIt,_Fn)' being compiled
          with
          [
              _OutIt=std::_String_iterator<std::_String_val<std::_Simple_types<char>>>,
              _Elem=char,
              _InIt=std::_String_iterator<std::_String_val<std::_Simple_types<char>>>,
              _Fn=int (__cdecl *)(int)
          ]
  
  Generating code
  Previous IPDB not found, fall back to full compilation.
  All 706 functions were compiled because no usable IPDB/IOBJ from previous compilation was found.
  Finished generating code
  RefpropPrimeWrapper.vcxproj -> G:\Working\REFPROP-wrappers\wrappers\Mathcad\buildPrime\x64\Prime10\PrimeREFPROPWrapper.dll
  Copy the DLL to the "C:\Program Files\PTC\Mathcad Prime 10.0.0.0\Custom Functions" folder
  1 File(s) copied
